<?xml version="1.0" encoding="UTF-8"?>
<testsuite name="statistics.StatisticsTest" tests="6" skipped="0" failures="0" errors="0" timestamp="2019-11-01T18:23:37" hostname="danis-mbp.lan" time="0.009">
  <properties/>
  <testcase name="playerSearchNull" classname="statistics.StatisticsTest" time="0.007"/>
  <testcase name="constructor" classname="statistics.StatisticsTest" time="0.0"/>
  <testcase name="teamEDM" classname="statistics.StatisticsTest" time="0.0"/>
  <testcase name="teamPIT" classname="statistics.StatisticsTest" time="0.0"/>
  <testcase name="playerSearchNotNull" classname="statistics.StatisticsTest" time="0.001"/>
  <testcase name="topScorers" classname="statistics.StatisticsTest" time="0.0"/>
  <system-out><![CDATA[]]></system-out>
  <system-err><![CDATA[]]></system-err>
</testsuite>
